{
  "RSpec": {
    "coverage": {
      "/Users/andrepedro/turing/1module/projects/enigma/spec/encrypt_spec.rb": {
        "lines": [
          1,
          1,
          null,
          1,
          1,
          null,
          10,
          null,
          null,
          1,
          1,
          null,
          null,
          null,
          1,
          1,
          null,
          null,
          null,
          1,
          1,
          null,
          null,
          1,
          1,
          null,
          null,
          1,
          1,
          null,
          null,
          1,
          1,
          null,
          null,
          1,
          1,
          null,
          null,
          null,
          1,
          1,
          null,
          null,
          null,
          1,
          1,
          null,
          null,
          null,
          1,
          1,
          null,
          null,
          null,
          null,
          null
        ]
      },
      "/Users/andrepedro/turing/1module/projects/enigma/lib/encrypt.rb": {
        "lines": [
          1,
          1,
          null,
          1,
          10,
          10,
          10,
          10,
          10,
          null,
          null,
          1,
          1,
          null,
          null,
          1,
          1,
          null,
          1,
          13,
          13,
          13,
          13,
          null,
          null,
          null,
          1,
          13,
          13,
          13,
          13,
          13,
          null,
          null,
          1,
          12,
          12,
          null,
          24,
          12,
          12,
          12,
          null,
          null,
          null,
          null,
          1,
          3,
          3,
          null,
          1,
          3,
          3,
          null,
          1,
          3,
          3,
          null,
          1,
          2,
          2,
          null,
          null,
          null,
          1,
          1,
          1,
          11,
          3,
          8,
          3,
          5,
          3,
          2,
          2,
          null,
          null,
          1,
          null,
          null,
          null,
          null,
          null,
          null,
          null
        ]
      }
    },
    "timestamp": 1655078500
  }
}
