{
  "RSpec": {
    "coverage": {
      "/Users/andrepedro/turing/1module/projects/enigma/spec/encrypt_spec.rb": {
        "lines": [
          1,
          1,
          null,
          1,
          1,
          14,
          null,
          null,
          1,
          1,
          null,
          null,
          1,
          1,
          null,
          null,
          1,
          1,
          null,
          null,
          1,
          1,
          null,
          null,
          1,
          1,
          null,
          null,
          1,
          1,
          null,
          null,
          1,
          1,
          null,
          null,
          1,
          1,
          null,
          null,
          1,
          1,
          null,
          null,
          1,
          1,
          1,
          1,
          null,
          null,
          1,
          1,
          1,
          1,
          null,
          null,
          1,
          1,
          1,
          1,
          null,
          null,
          1,
          1,
          1,
          1,
          null,
          null,
          1,
          1,
          1,
          1,
          1,
          1,
          null,
          null
        ]
      },
      "/Users/andrepedro/turing/1module/projects/enigma/lib/encrypt.rb": {
        "lines": [
          1,
          1,
          1,
          1,
          1,
          null,
          1,
          16,
          16,
          16,
          16,
          16,
          null,
          null,
          1,
          1,
          null,
          null,
          1,
          6,
          6,
          66,
          48,
          30,
          12,
          null,
          null,
          6,
          null,
          null
        ]
      },
      "/Users/andrepedro/turing/1module/projects/enigma/lib/alphabetable.rb": {
        "lines": [
          1,
          null,
          1,
          42,
          42,
          null,
          1,
          42,
          42,
          null,
          1,
          42,
          42,
          null,
          1,
          30,
          30,
          null,
          null,
          1,
          21,
          null,
          null,
          1,
          21,
          null,
          null,
          1,
          21,
          null,
          null,
          1,
          15,
          null,
          null
        ]
      },
      "/Users/andrepedro/turing/1module/projects/enigma/lib/calculations.rb": {
        "lines": [
          1,
          1,
          1,
          null,
          null,
          1,
          2,
          null,
          null,
          1,
          160,
          160,
          160,
          160,
          null,
          null,
          1,
          160,
          160,
          160,
          160,
          160,
          null,
          null,
          1,
          158,
          158,
          null,
          316,
          158,
          158,
          158,
          null,
          null,
          null,
          null
        ]
      },
      "/Users/andrepedro/turing/1module/projects/enigma/spec/decrypt_spec.rb": {
        "lines": [
          1,
          1,
          null,
          1,
          1,
          13,
          null,
          null,
          1,
          1,
          null,
          null,
          1,
          1,
          null,
          null,
          1,
          1,
          null,
          null,
          1,
          1,
          null,
          null,
          1,
          1,
          null,
          null,
          1,
          1,
          null,
          null,
          1,
          1,
          null,
          null,
          1,
          1,
          1,
          1,
          null,
          null,
          1,
          1,
          1,
          1,
          null,
          null,
          1,
          1,
          1,
          1,
          null,
          null,
          1,
          1,
          1,
          1,
          null,
          null,
          1,
          1,
          null,
          null,
          1,
          1,
          1,
          1,
          1,
          1,
          null,
          null
        ]
      },
      "/Users/andrepedro/turing/1module/projects/enigma/lib/decrypt.rb": {
        "lines": [
          1,
          1,
          null,
          1,
          1,
          1,
          null,
          1,
          15,
          15,
          15,
          15,
          null,
          null,
          1,
          6,
          6,
          66,
          48,
          30,
          12,
          null,
          null,
          6,
          null,
          null
        ]
      },
      "/Users/andrepedro/turing/1module/projects/enigma/spec/enigma_spec.rb": {
        "lines": [
          1,
          1,
          1,
          null,
          1,
          1,
          3,
          null,
          null,
          1,
          1,
          null,
          null,
          1,
          1,
          null,
          null,
          null,
          null,
          null,
          null,
          1,
          1,
          null,
          null,
          null,
          null,
          null
        ]
      },
      "/Users/andrepedro/turing/1module/projects/enigma/lib/enigma.rb": {
        "lines": [
          1,
          1,
          1,
          1,
          1,
          1,
          null,
          1,
          null,
          null,
          1,
          1,
          null,
          null,
          1,
          1,
          null,
          null,
          null
        ]
      }
    },
    "timestamp": 1655251198
  }
}
